<object-stream>
<org.drools.audit.event.RuleFlowVariableLogEvent>
  <type>32</type>
  <processId>AwsWorkflow</processId>
  <processName>AwsWorkflow</processName>
  <processInstanceId>1</processInstanceId>
  <variableId>app_inst_id</variableId>
  <variableInstanceId>app_inst_id</variableInstanceId>
  <objectToString>6</objectToString>
</org.drools.audit.event.RuleFlowVariableLogEvent>
<org.drools.audit.event.RuleFlowVariableLogEvent>
  <type>33</type>
  <processId>AwsWorkflow</processId>
  <processName>AwsWorkflow</processName>
  <processInstanceId>1</processInstanceId>
  <variableId>app_inst_id</variableId>
  <variableInstanceId>app_inst_id</variableInstanceId>
  <objectToString>6</objectToString>
</org.drools.audit.event.RuleFlowVariableLogEvent>
<org.drools.audit.event.RuleFlowLogEvent>
  <type>8</type>
  <processId>AwsWorkflow</processId>
  <processName>AwsWorkflow</processName>
  <processInstanceId>1</processInstanceId>
</org.drools.audit.event.RuleFlowLogEvent>
<org.drools.audit.event.RuleFlowNodeLogEvent>
  <type>24</type>
  <processId>AwsWorkflow</processId>
  <processName>AwsWorkflow</processName>
  <processInstanceId>1</processInstanceId>
  <nodeId>1</nodeId>
  <nodeName>Start</nodeName>
  <nodeInstanceId>0</nodeInstanceId>
</org.drools.audit.event.RuleFlowNodeLogEvent>
<org.drools.audit.event.RuleFlowNodeLogEvent>
  <type>26</type>
  <processId>AwsWorkflow</processId>
  <processName>AwsWorkflow</processName>
  <processInstanceId>1</processInstanceId>
  <nodeId>1</nodeId>
  <nodeName>Start</nodeName>
  <nodeInstanceId>0</nodeInstanceId>
</org.drools.audit.event.RuleFlowNodeLogEvent>
<org.drools.audit.event.RuleFlowNodeLogEvent>
  <type>24</type>
  <processId>AwsWorkflow</processId>
  <processName>AwsWorkflow</processName>
  <processInstanceId>1</processInstanceId>
  <nodeId>4</nodeId>
  <nodeName>Submit</nodeName>
  <nodeInstanceId>1</nodeInstanceId>
</org.drools.audit.event.RuleFlowNodeLogEvent>
<org.drools.audit.event.RuleFlowNodeLogEvent>
  <type>26</type>
  <processId>AwsWorkflow</processId>
  <processName>AwsWorkflow</processName>
  <processInstanceId>1</processInstanceId>
  <nodeId>4</nodeId>
  <nodeName>Submit</nodeName>
  <nodeInstanceId>1</nodeInstanceId>
</org.drools.audit.event.RuleFlowNodeLogEvent>
<org.drools.audit.event.RuleFlowNodeLogEvent>
  <type>24</type>
  <processId>AwsWorkflow</processId>
  <processName>AwsWorkflow</processName>
  <processInstanceId>1</processInstanceId>
  <nodeId>5</nodeId>
  <nodeName>Job Completed</nodeName>
  <nodeInstanceId>2</nodeInstanceId>
</org.drools.audit.event.RuleFlowNodeLogEvent>
<org.drools.audit.event.RuleFlowNodeLogEvent>
  <type>26</type>
  <processId>AwsWorkflow</processId>
  <processName>AwsWorkflow</processName>
  <processInstanceId>1</processInstanceId>
  <nodeId>5</nodeId>
  <nodeName>Job Completed</nodeName>
  <nodeInstanceId>2</nodeInstanceId>
</org.drools.audit.event.RuleFlowNodeLogEvent>
<org.drools.audit.event.RuleFlowNodeLogEvent>
  <type>24</type>
  <processId>AwsWorkflow</processId>
  <processName>AwsWorkflow</processName>
  <processInstanceId>1</processInstanceId>
  <nodeId>3</nodeId>
  <nodeName>End</nodeName>
  <nodeInstanceId>3</nodeInstanceId>
</org.drools.audit.event.RuleFlowNodeLogEvent>
<org.drools.audit.event.RuleFlowNodeLogEvent>
  <type>26</type>
  <processId>AwsWorkflow</processId>
  <processName>AwsWorkflow</processName>
  <processInstanceId>1</processInstanceId>
  <nodeId>3</nodeId>
  <nodeName>End</nodeName>
  <nodeInstanceId>3</nodeInstanceId>
</org.drools.audit.event.RuleFlowNodeLogEvent>
<org.drools.audit.event.RuleFlowLogEvent>
  <type>10</type>
  <processId>AwsWorkflow</processId>
  <processName>AwsWorkflow</processName>
  <processInstanceId>1</processInstanceId>
</org.drools.audit.event.RuleFlowLogEvent>
<org.drools.audit.event.RuleFlowLogEvent>
  <type>11</type>
  <processId>AwsWorkflow</processId>
  <processName>AwsWorkflow</processName>
  <processInstanceId>1</processInstanceId>
</org.drools.audit.event.RuleFlowLogEvent>
<org.drools.audit.event.RuleFlowNodeLogEvent>
  <type>27</type>
  <processId>AwsWorkflow</processId>
  <processName>AwsWorkflow</processName>
  <processInstanceId>1</processInstanceId>
  <nodeId>3</nodeId>
  <nodeName>End</nodeName>
  <nodeInstanceId>3</nodeInstanceId>
</org.drools.audit.event.RuleFlowNodeLogEvent>
<org.drools.audit.event.RuleFlowNodeLogEvent>
  <type>25</type>
  <processId>AwsWorkflow</processId>
  <processName>AwsWorkflow</processName>
  <processInstanceId>1</processInstanceId>
  <nodeId>3</nodeId>
  <nodeName>End</nodeName>
  <nodeInstanceId>3</nodeInstanceId>
</org.drools.audit.event.RuleFlowNodeLogEvent>
<org.drools.audit.event.RuleFlowNodeLogEvent>
  <type>27</type>
  <processId>AwsWorkflow</processId>
  <processName>AwsWorkflow</processName>
  <processInstanceId>1</processInstanceId>
  <nodeId>5</nodeId>
  <nodeName>Job Completed</nodeName>
  <nodeInstanceId>2</nodeInstanceId>
</org.drools.audit.event.RuleFlowNodeLogEvent>
<org.drools.audit.event.RuleFlowNodeLogEvent>
  <type>25</type>
  <processId>AwsWorkflow</processId>
  <processName>AwsWorkflow</processName>
  <processInstanceId>1</processInstanceId>
  <nodeId>5</nodeId>
  <nodeName>Job Completed</nodeName>
  <nodeInstanceId>2</nodeInstanceId>
</org.drools.audit.event.RuleFlowNodeLogEvent>
<org.drools.audit.event.RuleFlowNodeLogEvent>
  <type>27</type>
  <processId>AwsWorkflow</processId>
  <processName>AwsWorkflow</processName>
  <processInstanceId>1</processInstanceId>
  <nodeId>4</nodeId>
  <nodeName>Submit</nodeName>
  <nodeInstanceId>1</nodeInstanceId>
</org.drools.audit.event.RuleFlowNodeLogEvent>
<org.drools.audit.event.RuleFlowNodeLogEvent>
  <type>25</type>
  <processId>AwsWorkflow</processId>
  <processName>AwsWorkflow</processName>
  <processInstanceId>1</processInstanceId>
  <nodeId>4</nodeId>
  <nodeName>Submit</nodeName>
  <nodeInstanceId>1</nodeInstanceId>
</org.drools.audit.event.RuleFlowNodeLogEvent>
<org.drools.audit.event.RuleFlowNodeLogEvent>
  <type>27</type>
  <processId>AwsWorkflow</processId>
  <processName>AwsWorkflow</processName>
  <processInstanceId>1</processInstanceId>
  <nodeId>1</nodeId>
  <nodeName>Start</nodeName>
  <nodeInstanceId>0</nodeInstanceId>
</org.drools.audit.event.RuleFlowNodeLogEvent>
<org.drools.audit.event.RuleFlowNodeLogEvent>
  <type>25</type>
  <processId>AwsWorkflow</processId>
  <processName>AwsWorkflow</processName>
  <processInstanceId>1</processInstanceId>
  <nodeId>1</nodeId>
  <nodeName>Start</nodeName>
  <nodeInstanceId>0</nodeInstanceId>
</org.drools.audit.event.RuleFlowNodeLogEvent>
<org.drools.audit.event.RuleFlowLogEvent>
  <type>9</type>
  <processId>AwsWorkflow</processId>
  <processName>AwsWorkflow</processName>
  <processInstanceId>1</processInstanceId>
</org.drools.audit.event.RuleFlowLogEvent>
</object-stream>
